c:\users\abbys\onedrive\documents\space-escape\spaceescape\spaceescape\debug\vc143.pdb
c:\users\abbys\onedrive\documents\space-escape\spaceescape\spaceescape\debug\vc143.idb
c:\users\abbys\onedrive\documents\space-escape\spaceescape\spaceescape\debug\gamestatemanager.obj
c:\users\abbys\onedrive\documents\space-escape\spaceescape\spaceescape\debug\gameoverstate.obj
c:\users\abbys\onedrive\documents\space-escape\spaceescape\spaceescape\debug\gameoverscene.obj
c:\users\abbys\onedrive\documents\space-escape\spaceescape\spaceescape\debug\gameobjectpool.obj
c:\users\abbys\onedrive\documents\space-escape\spaceescape\spaceescape\debug\game.obj
c:\users\abbys\onedrive\documents\space-escape\spaceescape\spaceescape\debug\flyingcutscenestate.obj
c:\users\abbys\onedrive\documents\space-escape\spaceescape\spaceescape\debug\flyingcutscene.obj
c:\users\abbys\onedrive\documents\space-escape\spaceescape\spaceescape\debug\enemyspawner.obj
c:\users\abbys\onedrive\documents\space-escape\spaceescape\spaceescape\debug\enemy.obj
c:\users\abbys\onedrive\documents\space-escape\spaceescape\spaceescape\debug\edgecorner.obj
c:\users\abbys\onedrive\documents\space-escape\spaceescape\spaceescape\debug\edge.obj
c:\users\abbys\onedrive\documents\space-escape\spaceescape\spaceescape\debug\difficultyscene.obj
c:\users\abbys\onedrive\documents\space-escape\spaceescape\spaceescape\debug\difficultymenustate.obj
c:\users\abbys\onedrive\documents\space-escape\spaceescape\spaceescape\debug\ddlevelload.obj
c:\users\abbys\onedrive\documents\space-escape\spaceescape\spaceescape\debug\corner.obj
c:\users\abbys\onedrive\documents\space-escape\spaceescape\spaceescape\debug\center.obj
c:\users\abbys\onedrive\documents\space-escape\spaceescape\spaceescape\debug\button.obj
c:\users\abbys\onedrive\documents\space-escape\spaceescape\spaceescape\debug\bullet.obj
c:\users\abbys\onedrive\documents\space-escape\spaceescape\spaceescape\debug\bossenemy.obj
c:\users\abbys\onedrive\documents\space-escape\spaceescape\spaceescape\debug\animatedsprite.obj
c:\users\abbys\onedrive\documents\space-escape\spaceescape\spaceescape\debug\matrix4.obj
c:\users\abbys\onedrive\documents\space-escape\spaceescape\spaceescape\debug\main.obj
c:\users\abbys\onedrive\documents\space-escape\spaceescape\spaceescape\debug\logmanager.obj
c:\users\abbys\onedrive\documents\space-escape\spaceescape\spaceescape\debug\life.obj
c:\users\abbys\onedrive\documents\space-escape\spaceescape\spaceescape\debug\leveltransitionstate.obj
c:\users\abbys\onedrive\documents\space-escape\spaceescape\spaceescape\debug\leveltransition.obj
c:\users\abbys\onedrive\documents\space-escape\spaceescape\spaceescape\debug\levelstate.obj
c:\users\abbys\onedrive\documents\space-escape\spaceescape\spaceescape\debug\level.obj
c:\users\abbys\onedrive\documents\space-escape\spaceescape\spaceescape\debug\itemmanager.obj
c:\users\abbys\onedrive\documents\space-escape\spaceescape\spaceescape\debug\inputsystem.obj
c:\users\abbys\onedrive\documents\space-escape\spaceescape\spaceescape\debug\iniparser.obj
c:\users\abbys\onedrive\documents\space-escape\spaceescape\spaceescape\debug\imgui_widgets.obj
c:\users\abbys\onedrive\documents\space-escape\spaceescape\spaceescape\debug\imgui_tables.obj
c:\users\abbys\onedrive\documents\space-escape\spaceescape\spaceescape\debug\imgui_impl_sdl2.obj
c:\users\abbys\onedrive\documents\space-escape\spaceescape\spaceescape\debug\imgui_impl_opengl3.obj
c:\users\abbys\onedrive\documents\space-escape\spaceescape\spaceescape\debug\imgui_draw.obj
c:\users\abbys\onedrive\documents\space-escape\spaceescape\spaceescape\debug\imgui_demo.obj
c:\users\abbys\onedrive\documents\space-escape\spaceescape\spaceescape\debug\imgui.obj
c:\users\abbys\onedrive\documents\space-escape\spaceescape\spaceescape\debug\hudshippart.obj
c:\users\abbys\onedrive\documents\space-escape\spaceescape\spaceescape\debug\hudparser.obj
c:\users\abbys\onedrive\documents\space-escape\spaceescape\spaceescape\debug\startmenustate.obj
c:\users\abbys\onedrive\documents\space-escape\spaceescape\spaceescape\debug\sprite.obj
c:\users\abbys\onedrive\documents\space-escape\spaceescape\spaceescape\debug\splashfmodstate.obj
c:\users\abbys\onedrive\documents\space-escape\spaceescape\spaceescape\debug\splashautstate.obj
c:\users\abbys\onedrive\documents\space-escape\spaceescape\spaceescape\debug\soundsystem.obj
c:\users\abbys\onedrive\documents\space-escape\spaceescape\spaceescape\debug\shippart.obj
c:\users\abbys\onedrive\documents\space-escape\spaceescape\spaceescape\debug\shader.obj
c:\users\abbys\onedrive\documents\space-escape\spaceescape\spaceescape\debug\selectionarrow.obj
c:\users\abbys\onedrive\documents\space-escape\spaceescape\spaceescape\debug\scenesplashfmod.obj
c:\users\abbys\onedrive\documents\space-escape\spaceescape\spaceescape\debug\scenesplashaut.obj
c:\users\abbys\onedrive\documents\space-escape\spaceescape\spaceescape\debug\scene.obj
c:\users\abbys\onedrive\documents\space-escape\spaceescape\spaceescape\debug\riftvial.obj
c:\users\abbys\onedrive\documents\space-escape\spaceescape\spaceescape\debug\renderer.obj
c:\users\abbys\onedrive\documents\space-escape\spaceescape\spaceescape\debug\quadtree.obj
c:\users\abbys\onedrive\documents\space-escape\spaceescape\spaceescape\debug\prop.obj
c:\users\abbys\onedrive\documents\space-escape\spaceescape\spaceescape\debug\playerstate.obj
c:\users\abbys\onedrive\documents\space-escape\spaceescape\spaceescape\debug\playership.obj
c:\users\abbys\onedrive\documents\space-escape\spaceescape\spaceescape\debug\player.obj
c:\users\abbys\onedrive\documents\space-escape\spaceescape\spaceescape\debug\particleemitter.obj
c:\users\abbys\onedrive\documents\space-escape\spaceescape\spaceescape\debug\particle.obj
c:\users\abbys\onedrive\documents\space-escape\spaceescape\spaceescape\debug\xboxcontroller.obj
c:\users\abbys\onedrive\documents\space-escape\spaceescape\spaceescape\debug\weapon.obj
c:\users\abbys\onedrive\documents\space-escape\spaceescape\spaceescape\debug\water.obj
c:\users\abbys\onedrive\documents\space-escape\spaceescape\spaceescape\debug\vertexarray.obj
c:\users\abbys\onedrive\documents\space-escape\spaceescape\spaceescape\debug\vector2.obj
c:\users\abbys\onedrive\documents\space-escape\spaceescape\spaceescape\debug\underlaytiles.obj
c:\users\abbys\onedrive\documents\space-escape\spaceescape\spaceescape\debug\tileparser.obj
c:\users\abbys\onedrive\documents\space-escape\spaceescape\spaceescape\debug\texturemanager.obj
c:\users\abbys\onedrive\documents\space-escape\spaceescape\spaceescape\debug\texture.obj
c:\users\abbys\onedrive\documents\space-escape\spaceescape\spaceescape\debug\textrenderer.obj
c:\users\abbys\onedrive\documents\space-escape\spaceescape\spaceescape\debug\startscene.obj
c:\users\abbys\onedrive\documents\space-escape\spaceescape\debug\spaceescape.exe
c:\users\abbys\onedrive\documents\space-escape\spaceescape\debug\spaceescape.pdb
c:\users\abbys\onedrive\documents\space-escape\spaceescape\spaceescape\debug\spaceescape.ilk
c:\users\abbys\onedrive\documents\space-escape\spaceescape\spaceescape\debug\spaceescape.tlog\cl.command.1.tlog
c:\users\abbys\onedrive\documents\space-escape\spaceescape\spaceescape\debug\spaceescape.tlog\cl.items.tlog
c:\users\abbys\onedrive\documents\space-escape\spaceescape\spaceescape\debug\spaceescape.tlog\cl.read.1.tlog
c:\users\abbys\onedrive\documents\space-escape\spaceescape\spaceescape\debug\spaceescape.tlog\cl.write.1.tlog
c:\users\abbys\onedrive\documents\space-escape\spaceescape\spaceescape\debug\spaceescape.tlog\link.command.1.tlog
c:\users\abbys\onedrive\documents\space-escape\spaceescape\spaceescape\debug\spaceescape.tlog\link.read.1.tlog
c:\users\abbys\onedrive\documents\space-escape\spaceescape\spaceescape\debug\spaceescape.tlog\link.secondary.1.tlog
c:\users\abbys\onedrive\documents\space-escape\spaceescape\spaceescape\debug\spaceescape.tlog\link.write.1.tlog
