  enemy.cpp
C:\Users\abbys\OneDrive\Documents\Space-Escape\SpaceEscape\enemy.cpp(57,26): warning C4244: 'initializing': conversion from 'double' to 'float', possible loss of data
C:\Users\abbys\OneDrive\Documents\Space-Escape\SpaceEscape\enemy.cpp(82,46): warning C4244: '=': conversion from 'double' to 'float', possible loss of data
C:\Users\abbys\OneDrive\Documents\Space-Escape\SpaceEscape\enemy.cpp(83,46): warning C4244: '=': conversion from 'double' to 'float', possible loss of data
C:\Users\abbys\OneDrive\Documents\Space-Escape\SpaceEscape\enemy.cpp(184,18): warning C4244: 'initializing': conversion from 'double' to 'float', possible loss of data
C:\Users\abbys\OneDrive\Documents\Space-Escape\SpaceEscape\enemy.cpp(209,38): warning C4244: '=': conversion from 'double' to 'float', possible loss of data
C:\Users\abbys\OneDrive\Documents\Space-Escape\SpaceEscape\enemy.cpp(210,38): warning C4244: '=': conversion from 'double' to 'float', possible loss of data
C:\Users\abbys\OneDrive\Documents\Space-Escape\SpaceEscape\enemy.cpp(228,18): warning C4244: 'initializing': conversion from 'double' to 'float', possible loss of data
  itemmanager.cpp
  Level.cpp
C:\Users\abbys\OneDrive\Documents\Space-Escape\SpaceEscape\Level.cpp(763,49): warning C4244: 'argument': conversion from 'int' to 'float', possible loss of data
C:\Users\abbys\OneDrive\Documents\Space-Escape\SpaceEscape\Level.cpp(763,24): warning C4244: 'argument': conversion from 'int' to 'float', possible loss of data
C:\Users\abbys\OneDrive\Documents\Space-Escape\SpaceEscape\Level.cpp(793,15): warning C4244: 'initializing': conversion from 'double' to 'float', possible loss of data
C:\Users\abbys\OneDrive\Documents\Space-Escape\SpaceEscape\Level.cpp(812,51): warning C4244: 'argument': conversion from 'int' to 'float', possible loss of data
C:\Users\abbys\OneDrive\Documents\Space-Escape\SpaceEscape\Level.cpp(812,25): warning C4244: 'argument': conversion from 'int' to 'float', possible loss of data
C:\Users\abbys\OneDrive\Documents\Space-Escape\SpaceEscape\Level.cpp(844,15): warning C4244: 'initializing': conversion from 'double' to 'float', possible loss of data
C:\Users\abbys\OneDrive\Documents\Space-Escape\SpaceEscape\Level.cpp(932,24): warning C4244: 'initializing': conversion from 'int' to 'float', possible loss of data
  shippart.cpp
  Generating Code...
  SpaceEscape.vcxproj -> C:\Users\abbys\OneDrive\Documents\Space-Escape\SpaceEscape\Debug\SpaceEscape.exe
